Using pre-set license
Built from '2022.3/staging' branch; Version is '2022.3.17f1 (4fc78088f837) revision 5228416'; Using compiler version '192829333'; Build Type 'Release'
OS: 'Windows 11  (10.0.22631) 64bit Core' Language: 'cs' Physical Memory: 16167 MB
BatchMode: 1, IsHumanControllingUs: 0, StartBugReporterOnCrash: 0, Is64bit: 1, IsPro: 1

COMMAND LINE ARGUMENTS:
C:\Program Files\Unity\Hub\Editor\2022.3.17f1\Editor\Unity.exe
-adb2
-batchMode
-noUpm
-name
AssetImportWorker0
-projectPath
C:/Users/Jaros/survival hra
-logFile
Logs/AssetImportWorker0.log
-srvPort
6762
Successfully changed project path to: C:/Users/Jaros/survival hra
C:/Users/Jaros/survival hra
[UnityMemory] Configuration Parameters - Can be set up in boot.config
    "memorysetup-bucket-allocator-granularity=16"
    "memorysetup-bucket-allocator-bucket-count=8"
    "memorysetup-bucket-allocator-block-size=33554432"
    "memorysetup-bucket-allocator-block-count=8"
    "memorysetup-main-allocator-block-size=16777216"
    "memorysetup-thread-allocator-block-size=16777216"
    "memorysetup-gfx-main-allocator-block-size=16777216"
    "memorysetup-gfx-thread-allocator-block-size=16777216"
    "memorysetup-cache-allocator-block-size=4194304"
    "memorysetup-typetree-allocator-block-size=2097152"
    "memorysetup-profiler-bucket-allocator-granularity=16"
    "memorysetup-profiler-bucket-allocator-bucket-count=8"
    "memorysetup-profiler-bucket-allocator-block-size=33554432"
    "memorysetup-profiler-bucket-allocator-block-count=8"
    "memorysetup-profiler-allocator-block-size=16777216"
    "memorysetup-profiler-editor-allocator-block-size=1048576"
    "memorysetup-temp-allocator-size-main=16777216"
    "memorysetup-job-temp-allocator-block-size=2097152"
    "memorysetup-job-temp-allocator-block-size-background=1048576"
    "memorysetup-job-temp-allocator-reduction-small-platforms=262144"
    "memorysetup-allocator-temp-initial-block-size-main=262144"
    "memorysetup-allocator-temp-initial-block-size-worker=262144"
    "memorysetup-temp-allocator-size-background-worker=32768"
    "memorysetup-temp-allocator-size-job-worker=262144"
    "memorysetup-temp-allocator-size-preload-manager=33554432"
    "memorysetup-temp-allocator-size-nav-mesh-worker=65536"
    "memorysetup-temp-allocator-size-audio-worker=65536"
    "memorysetup-temp-allocator-size-cloud-worker=32768"
    "memorysetup-temp-allocator-size-gi-baking-worker=262144"
    "memorysetup-temp-allocator-size-gfx=262144"
Player connection [27804] Host "[IP] 169.254.123.142 [Port] 0 [Flags] 2 [Guid] 1041294017 [EditorId] 1041294017 [Version] 1048832 [Id] WindowsEditor(7,MersikPad) [Debug] 1 [PackageName] WindowsEditor [ProjectName] Editor" joined multi-casting on [225.0.0.222:54997]...

Player connection [27804] Host "[IP] 169.254.123.142 [Port] 0 [Flags] 2 [Guid] 1041294017 [EditorId] 1041294017 [Version] 1048832 [Id] WindowsEditor(7,MersikPad) [Debug] 1 [PackageName] WindowsEditor [ProjectName] Editor" joined alternative multi-casting on [225.0.0.222:34997]...

[Physics::Module] Initialized MultithreadedJobDispatcher with 7 workers.
Refreshing native plugins compatible for Editor in 54.04 ms, found 3 plugins.
Preloading 0 native plugins for Editor in 0.00 ms.
Initialize engine version: 2022.3.17f1 (4fc78088f837)
[Subsystems] Discovering subsystems at path C:/Program Files/Unity/Hub/Editor/2022.3.17f1/Editor/Data/Resources/UnitySubsystems
[Subsystems] Discovering subsystems at path C:/Users/Jaros/survival hra/Assets
GfxDevice: creating device client; threaded=0; jobified=0
Direct3D:
    Version:  Direct3D 11.0 [level 11.1]
    Renderer: Intel(R) Iris(R) Xe Graphics (ID=0x9a49)
    Vendor:   Intel
    VRAM:     8083 MB
    Driver:   30.0.101.1003
Initialize mono
Mono path[0] = 'C:/Program Files/Unity/Hub/Editor/2022.3.17f1/Editor/Data/Managed'
Mono path[1] = 'C:/Program Files/Unity/Hub/Editor/2022.3.17f1/Editor/Data/MonoBleedingEdge/lib/mono/unityjit-win32'
Mono config path = 'C:/Program Files/Unity/Hub/Editor/2022.3.17f1/Editor/Data/MonoBleedingEdge/etc'
Using monoOptions --debugger-agent=transport=dt_socket,embedding=1,server=y,suspend=n,address=127.0.0.1:56340
Begin MonoManager ReloadAssembly
Registering precompiled unity dll's ...
Register platform support module: C:/Program Files/Unity/Hub/Editor/2022.3.17f1/Editor/Data/PlaybackEngines/WebGLSupport/UnityEditor.WebGL.Extensions.dll
Register platform support module: C:/Program Files/Unity/Hub/Editor/2022.3.17f1/Editor/Data/PlaybackEngines/WindowsStandaloneSupport/UnityEditor.WindowsStandalone.Extensions.dll
Registered in 0.042285 seconds.
- Loaded All Assemblies, in  1.654 seconds
Native extension for WindowsStandalone target not found
Native extension for WebGL target not found
Mono: successfully reloaded assembly
- Finished resetting the current domain, in  8.560 seconds
Domain Reload Profiling: 10208ms
	BeginReloadAssembly (264ms)
		ExecutionOrderSort (0ms)
		DisableScriptedObjects (0ms)
		BackupInstance (0ms)
		ReleaseScriptingObjects (0ms)
		CreateAndSetChildDomain (1ms)
	RebuildCommonClasses (104ms)
	RebuildNativeTypeToScriptingClass (32ms)
	initialDomainReloadingComplete (355ms)
	LoadAllAssembliesAndSetupDomain (891ms)
		LoadAssemblies (258ms)
		RebuildTransferFunctionScriptingTraits (0ms)
		AnalyzeDomain (881ms)
			TypeCache.Refresh (872ms)
				TypeCache.ScanAssembly (702ms)
			ScanForSourceGeneratedMonoScriptInfo (1ms)
			ResolveRequiredComponents (6ms)
	FinalizeReload (8562ms)
		ReleaseScriptCaches (0ms)
		RebuildScriptCaches (0ms)
		SetupLoadedEditorAssemblies (8183ms)
			LogAssemblyErrors (0ms)
			InitializePlatformSupportModulesInManaged (23ms)
			SetLoadedEditorAssemblies (31ms)
			RefreshPlugins (0ms)
			BeforeProcessingInitializeOnLoad (7ms)
			ProcessInitializeOnLoadAttributes (1084ms)
			ProcessInitializeOnLoadMethodAttributes (7034ms)
			AfterProcessingInitializeOnLoad (0ms)
			EditorAssembliesLoaded (3ms)
		ExecutionOrderSort2 (0ms)
		AwakeInstancesAfterBackupRestoration (0ms)
========================================================================
Worker process is ready to serve import requests
Begin MonoManager ReloadAssembly
- Loaded All Assemblies, in  5.704 seconds
Refreshing native plugins compatible for Editor in 15.87 ms, found 3 plugins.
Native extension for WindowsStandalone target not found
Native extension for WebGL target not found
Package Manager log level set to [2]
[Package Manager] Server::EnsureServerProcessIsRunning -- launch failed, reason: Unity was launched with the -noUpm command-line argument
[Package Manager] UpmClient::Send -- Unable to send message (not connected to UPM process).
[Package Manager] Cannot connect to Unity Package Manager local server
Mono: successfully reloaded assembly
- Finished resetting the current domain, in  5.849 seconds
Domain Reload Profiling: 11396ms
	BeginReloadAssembly (958ms)
		ExecutionOrderSort (0ms)
		DisableScriptedObjects (24ms)
		BackupInstance (0ms)
		ReleaseScriptingObjects (0ms)
		CreateAndSetChildDomain (113ms)
	RebuildCommonClasses (471ms)
	RebuildNativeTypeToScriptingClass (220ms)
	initialDomainReloadingComplete (410ms)
	LoadAllAssembliesAndSetupDomain (3487ms)
		LoadAssemblies (2575ms)
		RebuildTransferFunctionScriptingTraits (0ms)
		AnalyzeDomain (1507ms)
			TypeCache.Refresh (1425ms)
				TypeCache.ScanAssembly (1368ms)
			ScanForSourceGeneratedMonoScriptInfo (62ms)
			ResolveRequiredComponents (14ms)
	FinalizeReload (5851ms)
		ReleaseScriptCaches (0ms)
		RebuildScriptCaches (0ms)
		SetupLoadedEditorAssemblies (3709ms)
			LogAssemblyErrors (0ms)
			InitializePlatformSupportModulesInManaged (39ms)
			SetLoadedEditorAssemblies (19ms)
			RefreshPlugins (0ms)
			BeforeProcessingInitializeOnLoad (256ms)
			ProcessInitializeOnLoadAttributes (3049ms)
			ProcessInitializeOnLoadMethodAttributes (296ms)
			AfterProcessingInitializeOnLoad (49ms)
			EditorAssembliesLoaded (1ms)
		ExecutionOrderSort2 (0ms)
		AwakeInstancesAfterBackupRestoration (54ms)
Launched and connected shader compiler UnityShaderCompiler.exe after 0.55 seconds
Refreshing native plugins compatible for Editor in 21.17 ms, found 3 plugins.
Preloading 0 native plugins for Editor in 0.00 ms.
Unloading 3097 Unused Serialized files (Serialized files now loaded: 0)
Unloading 32 unused Assets / (57.0 KB). Loaded Objects now: 3560.
Memory consumption went from 123.1 MB to 123.0 MB.
Total: 14.290000 ms (FindLiveObjects: 0.659400 ms CreateObjectMapping: 3.685500 ms MarkObjects: 8.174100 ms  DeleteObjects: 1.767500 ms)

AssetImportParameters requested are different than current active one (requested -> active):
  custom:container-demuxer-ogg: 62fdf1f143b41e24485cea50d1cbac27 -> 
  custom:video-codec-MediaFoundation-h265: 746d11721c4dcdbdad8f713fa42b33f4 -> 
  custom:video-decoder-ogg-theora: a1e56fd34408186e4bbccfd4996cb3dc -> 
  custom:framework-win-MediaFoundation: 216162199b28c13a410421893ffa2e32 -> 
  custom:CustomObjectIndexerAttribute: 6d391050e5a25f67b0a2c618074f2cd9 -> 
  custom:container-demuxer-webm: 4f35f7cbe854078d1ac9338744f61a02 -> 
  custom:container-muxer-webm: aa71ff27fc2769a1b78a27578f13a17b -> 
  custom:video-decoder-webm-vp8: 9c59270c3fd7afecdb556c50c9e8de78 -> 
  custom:SearchIndexIgnoredProperties: e643bd26f0fe6173181afceb89e7c659 -> 
  custom:AudioImporter_EditorPlatform: d09bf68614088b80899f8185d706f6e7 -> 
  custom:video-encoder-webm-vp8: eb34c28f22e8b96e1ab97ce403110664 -> 
  custom:audio-decoder-ogg-vorbis: bf7c407c2cedff20999df2af8eb42d56 -> 
  custom:audio-encoder-webm-vorbis: bf7c407c2cedff20999df2af8eb42d56 -> 
========================================================================
Received Import Request.
  Time since last request: 797847.648004 seconds.
  path: Assets/Plugins
  artifactKey: Guid(1ad8e4e66ec27c14b91ff9699780f1c4) Importer(815301076,1909f56bfc062723c751e8b465ee728b)
Start importing Assets/Plugins using Guid(1ad8e4e66ec27c14b91ff9699780f1c4) Importer(815301076,1909f56bfc062723c751e8b465ee728b)  -> (artifact id: '255c3dc751cffa7a3ca6d2ad8a542068') in 0.005147 seconds
Number of updated asset objects reloaded before import = 0
Number of asset objects unloaded after import = 0
========================================================================
Received Import Request.
  Time since last request: 17.853751 seconds.
  path: Assets/Plugins/LibNoise.Unity-master
  artifactKey: Guid(0fe4df0d4725b7c4fb0f1fbb372aa2a3) Importer(815301076,1909f56bfc062723c751e8b465ee728b)
Start importing Assets/Plugins/LibNoise.Unity-master using Guid(0fe4df0d4725b7c4fb0f1fbb372aa2a3) Importer(815301076,1909f56bfc062723c751e8b465ee728b)  -> (artifact id: 'f34f891626f65fa39572657d54d7d0da') in 0.000847 seconds
Number of updated asset objects reloaded before import = 0
Number of asset objects unloaded after import = 0
========================================================================
Received Prepare
Begin MonoManager ReloadAssembly
- Loaded All Assemblies, in  0.609 seconds
Refreshing native plugins compatible for Editor in 6.96 ms, found 3 plugins.
Native extension for WindowsStandalone target not found
Native extension for WebGL target not found
[Package Manager] Server::EnsureServerProcessIsRunning -- launch failed, reason: Unity was launched with the -noUpm command-line argument
[Package Manager] UpmClient::Send -- Unable to send message (not connected to UPM process).
[Package Manager] Cannot connect to Unity Package Manager local server
Mono: successfully reloaded assembly
- Finished resetting the current domain, in  1.392 seconds
Domain Reload Profiling: 1999ms
	BeginReloadAssembly (213ms)
		ExecutionOrderSort (0ms)
		DisableScriptedObjects (8ms)
		BackupInstance (0ms)
		ReleaseScriptingObjects (0ms)
		CreateAndSetChildDomain (55ms)
	RebuildCommonClasses (48ms)
	RebuildNativeTypeToScriptingClass (16ms)
	initialDomainReloadingComplete (37ms)
	LoadAllAssembliesAndSetupDomain (292ms)
		LoadAssemblies (367ms)
		RebuildTransferFunctionScriptingTraits (0ms)
		AnalyzeDomain (33ms)
			TypeCache.Refresh (10ms)
				TypeCache.ScanAssembly (1ms)
			ScanForSourceGeneratedMonoScriptInfo (13ms)
			ResolveRequiredComponents (8ms)
	FinalizeReload (1393ms)
		ReleaseScriptCaches (0ms)
		RebuildScriptCaches (0ms)
		SetupLoadedEditorAssemblies (635ms)
			LogAssemblyErrors (0ms)
			InitializePlatformSupportModulesInManaged (14ms)
			SetLoadedEditorAssemblies (9ms)
			RefreshPlugins (0ms)
			BeforeProcessingInitializeOnLoad (90ms)
			ProcessInitializeOnLoadAttributes (471ms)
			ProcessInitializeOnLoadMethodAttributes (39ms)
			AfterProcessingInitializeOnLoad (12ms)
			EditorAssembliesLoaded (0ms)
		ExecutionOrderSort2 (0ms)
		AwakeInstancesAfterBackupRestoration (15ms)
Refreshing native plugins compatible for Editor in 6.29 ms, found 3 plugins.
Preloading 0 native plugins for Editor in 0.00 ms.
Unloading 3123 Unused Serialized files (Serialized files now loaded: 0)
Unloading 23 unused Assets / (31.0 KB). Loaded Objects now: 3597.
Memory consumption went from 124.4 MB to 124.4 MB.
Total: 5.517300 ms (FindLiveObjects: 0.326800 ms CreateObjectMapping: 0.134600 ms MarkObjects: 4.980500 ms  DeleteObjects: 0.073900 ms)

Prepare: number of updated asset objects reloaded= 0
AssetImportParameters requested are different than current active one (requested -> active):
  custom:container-demuxer-ogg: 62fdf1f143b41e24485cea50d1cbac27 -> 
  custom:video-codec-MediaFoundation-h265: 746d11721c4dcdbdad8f713fa42b33f4 -> 
  custom:video-decoder-ogg-theora: a1e56fd34408186e4bbccfd4996cb3dc -> 
  custom:framework-win-MediaFoundation: 216162199b28c13a410421893ffa2e32 -> 
  custom:CustomObjectIndexerAttribute: 6d391050e5a25f67b0a2c618074f2cd9 -> 
  custom:container-demuxer-webm: 4f35f7cbe854078d1ac9338744f61a02 -> 
  custom:container-muxer-webm: aa71ff27fc2769a1b78a27578f13a17b -> 
  custom:video-decoder-webm-vp8: 9c59270c3fd7afecdb556c50c9e8de78 -> 
  custom:SearchIndexIgnoredProperties: e643bd26f0fe6173181afceb89e7c659 -> 
  custom:AudioImporter_EditorPlatform: d09bf68614088b80899f8185d706f6e7 -> 
  custom:video-encoder-webm-vp8: eb34c28f22e8b96e1ab97ce403110664 -> 
  custom:audio-decoder-ogg-vorbis: bf7c407c2cedff20999df2af8eb42d56 -> 
  custom:audio-encoder-webm-vorbis: bf7c407c2cedff20999df2af8eb42d56 -> 
========================================================================
Received Import Request.
  Time since last request: 15.095544 seconds.
  path: Assets/Plugins/LibNoise.Unity-master/GradientPresets.cs
  artifactKey: Guid(7274fe25a8f9642c9b3e34a7e54ecd6f) Importer(815301076,1909f56bfc062723c751e8b465ee728b)
Start importing Assets/Plugins/LibNoise.Unity-master/GradientPresets.cs using Guid(7274fe25a8f9642c9b3e34a7e54ecd6f) Importer(815301076,1909f56bfc062723c751e8b465ee728b)  -> (artifact id: '1bfd20cb09deeeb21d545188caf44f41') in 0.002370 seconds
Number of updated asset objects reloaded before import = 0
Number of asset objects unloaded after import = 0
========================================================================
Received Import Request.
  Time since last request: 1.804717 seconds.
  path: Assets/Plugins/LibNoise.Unity-master/Generator
  artifactKey: Guid(01d2ad28d1dda48d091ca1d68c49dfb4) Importer(815301076,1909f56bfc062723c751e8b465ee728b)
Start importing Assets/Plugins/LibNoise.Unity-master/Generator using Guid(01d2ad28d1dda48d091ca1d68c49dfb4) Importer(815301076,1909f56bfc062723c751e8b465ee728b)  -> (artifact id: 'b897707c48e233ac6714f2173809ae8c') in 0.000765 seconds
Number of updated asset objects reloaded before import = 0
Number of asset objects unloaded after import = 0
========================================================================
Received Import Request.
  Time since last request: 14.930013 seconds.
  path: Assets/Plugins/LibNoise.Unity-master/Properties
  artifactKey: Guid(49675d30a4ae9442e91c545a7507cd48) Importer(815301076,1909f56bfc062723c751e8b465ee728b)
Start importing Assets/Plugins/LibNoise.Unity-master/Properties using Guid(49675d30a4ae9442e91c545a7507cd48) Importer(815301076,1909f56bfc062723c751e8b465ee728b)  -> (artifact id: '5b61c70fb733a9c9e1678c6470dfc016') in 0.001516 seconds
Number of updated asset objects reloaded before import = 0
Number of asset objects unloaded after import = 0
========================================================================
Received Import Request.
  Time since last request: 2.350300 seconds.
  path: Assets/Plugins/LibNoise.Unity-master/Properties/AssemblyInfo.cs
  artifactKey: Guid(9834969af61da4894b115a330b272bb9) Importer(815301076,1909f56bfc062723c751e8b465ee728b)
Start importing Assets/Plugins/LibNoise.Unity-master/Properties/AssemblyInfo.cs using Guid(9834969af61da4894b115a330b272bb9) Importer(815301076,1909f56bfc062723c751e8b465ee728b)  -> (artifact id: '22e2f3e5d5d093b1f54acefc8996e142') in 0.001000 seconds
Number of updated asset objects reloaded before import = 0
Number of asset objects unloaded after import = 0
========================================================================
Received Import Request.
  Time since last request: 10.656664 seconds.
  path: Assets/Plugins/LibNoise.Unity-master/Operator/Max.cs
  artifactKey: Guid(3d783a2fe1eb44925b1dfca3fccfa3c5) Importer(815301076,1909f56bfc062723c751e8b465ee728b)
Start importing Assets/Plugins/LibNoise.Unity-master/Operator/Max.cs using Guid(3d783a2fe1eb44925b1dfca3fccfa3c5) Importer(815301076,1909f56bfc062723c751e8b465ee728b)  -> (artifact id: '598a701d0725d49ebd323335ef8c4157') in 0.000920 seconds
Number of updated asset objects reloaded before import = 0
Number of asset objects unloaded after import = 0
========================================================================
Received Import Request.
  Time since last request: 19.927591 seconds.
  path: Assets/Plugins/LibNoise.Unity-master/Operator/Invert.cs
  artifactKey: Guid(32c3770b72d4a4b47b1703ca8240448a) Importer(815301076,1909f56bfc062723c751e8b465ee728b)
Start importing Assets/Plugins/LibNoise.Unity-master/Operator/Invert.cs using Guid(32c3770b72d4a4b47b1703ca8240448a) Importer(815301076,1909f56bfc062723c751e8b465ee728b)  -> (artifact id: 'c556a5257d63aca420a6b50938b41e25') in 0.001063 seconds
Number of updated asset objects reloaded before import = 0
Number of asset objects unloaded after import = 0
========================================================================
Received Import Request.
  Time since last request: 1.092165 seconds.
  path: Assets/Plugins/LibNoise.Unity-master/Operator/Exponent.cs
  artifactKey: Guid(c3edd0e0a654443fd92d4418bffa8a5d) Importer(815301076,1909f56bfc062723c751e8b465ee728b)
Start importing Assets/Plugins/LibNoise.Unity-master/Operator/Exponent.cs using Guid(c3edd0e0a654443fd92d4418bffa8a5d) Importer(815301076,1909f56bfc062723c751e8b465ee728b)  -> (artifact id: '95d8aecbb4f74633fc10f98417157ea5') in 0.001173 seconds
Number of updated asset objects reloaded before import = 0
Number of asset objects unloaded after import = 0
========================================================================
Received Import Request.
  Time since last request: 4.005090 seconds.
  path: Assets/Plugins/LibNoise.Unity-master/Generator/Billow.cs
  artifactKey: Guid(f9f0293dd46394b779bf22259c6dad97) Importer(815301076,1909f56bfc062723c751e8b465ee728b)
Start importing Assets/Plugins/LibNoise.Unity-master/Generator/Billow.cs using Guid(f9f0293dd46394b779bf22259c6dad97) Importer(815301076,1909f56bfc062723c751e8b465ee728b)  -> (artifact id: '2c0bf030ac83e5e67db00a88df252a0e') in 0.000589 seconds
Number of updated asset objects reloaded before import = 0
Number of asset objects unloaded after import = 0
========================================================================
Received Import Request.
  Time since last request: 3.641837 seconds.
  path: Assets/Plugins/LibNoise.Unity-master/Generator/Checker.cs
  artifactKey: Guid(eb233ecbeadf94f018307ccdfb683ec9) Importer(815301076,1909f56bfc062723c751e8b465ee728b)
Start importing Assets/Plugins/LibNoise.Unity-master/Generator/Checker.cs using Guid(eb233ecbeadf94f018307ccdfb683ec9) Importer(815301076,1909f56bfc062723c751e8b465ee728b)  -> (artifact id: '24b46359c0d02810ab1bb3c3b948fa83') in 0.000707 seconds
Number of updated asset objects reloaded before import = 0
Number of asset objects unloaded after import = 0
========================================================================
Received Import Request.
  Time since last request: 4.186957 seconds.
  path: Assets/Plugins/LibNoise.Unity-master/Generator/Perlin.cs
  artifactKey: Guid(f4531ed2ca2bf4002a1b9515f754ea6a) Importer(815301076,1909f56bfc062723c751e8b465ee728b)
Start importing Assets/Plugins/LibNoise.Unity-master/Generator/Perlin.cs using Guid(f4531ed2ca2bf4002a1b9515f754ea6a) Importer(815301076,1909f56bfc062723c751e8b465ee728b)  -> (artifact id: 'b2caebc924c1c46541e0e5d9170b1581') in 0.002639 seconds
Number of updated asset objects reloaded before import = 0
Number of asset objects unloaded after import = 0
